Drill report for /home/bernhard/projects/esp32-arduino/hardware/esp32-arduino/kicad_source/esp32-arduino.kicad_pcb
Created on Mi 12 Dez 2018 07:56:10 CET

Copper Layer Stackup:
    =============================================================
    L1 :  F.Cu                      front
    L2 :  B.Cu                      back


Drill file 'esp32-arduino-PTH.drl' contains
    plated through holes:
    =============================================================
    T1  0,40mm  0,016"  (75 holes)
    T2  0,85mm  0,033"  (2 holes)
    T3  1,00mm  0,039"  (32 holes)
    T4  1,15mm  0,045"  (2 holes)
    T5  1,32mm  0,052"  (2 holes)

    Total plated holes count 113


Drill file 'esp32-arduino-NPTH.drl' contains
    unplated through holes:
    =============================================================
    T1  2,39mm  0,094"  (1 hole)
    T2  3,17mm  0,125"  (4 holes)
    T3  3,55mm  0,140"  (2 holes)

    Total unplated holes count 7
